{
  message: 'db connect successfully',
  level: 'info',
  service: 'user-service',
  label: 'Ph',
  timestamp: '2023-06-10T06:15:38.792Z'
}
{
  message: 'university app listening on port 5000',
  level: 'info',
  service: 'user-service',
  label: 'Ph',
  timestamp: '2023-06-10T06:15:38.810Z'
}
{
  message: 'db connect successfully',
  level: 'info',
  service: 'user-service',
  label: 'Ph',
  timestamp: '2023-06-10T06:16:03.128Z'
}
{
  message: 'university app listening on port 5000',
  level: 'info',
  service: 'user-service',
  label: 'Ph',
  timestamp: '2023-06-10T06:16:03.146Z'
}
{
  message: 'db connect successfully',
  level: 'info',
  service: 'user-service',
  label: 'Ph',
  timestamp: '2023-06-10T06:16:24.044Z'
}
{
  message: 'university app listening on port 5000',
  level: 'info',
  service: 'user-service',
  label: 'Ph',
  timestamp: '2023-06-10T06:16:24.058Z'
}
{
  message: 'db connect successfully',
  level: 'info',
  service: 'user-service',
  label: 'Ph',
  timestamp: '2023-06-10T06:16:52.104Z'
}
{
  message: 'university app listening on port 5000',
  level: 'info',
  service: 'user-service',
  label: 'Ph',
  timestamp: '2023-06-10T06:16:52.116Z'
}
{
  message: 'db connect successfully',
  level: 'info',
  service: 'user-service',
  label: 'Ph',
  timestamp: '2023-06-10T06:17:05.438Z'
}
{
  message: 'university app listening on port 5000',
  level: 'info',
  service: 'user-service',
  label: 'Ph',
  timestamp: '2023-06-10T06:17:05.447Z'
}
{
  message: 'db connect successfully',
  level: 'info',
  service: 'user-service',
  label: 'Ph',
  timestamp: '2023-06-10T06:19:05.176Z'
}
{
  message: 'university app listening on port 5000',
  level: 'info',
  service: 'user-service',
  label: 'Ph',
  timestamp: '2023-06-10T06:19:05.191Z'
}
{
  message: 'db connect successfully',
  level: 'info',
  service: 'user-service',
  label: 'Ph',
  timestamp: '2023-06-10T06:20:34.894Z'
}
{
  message: 'university app listening on port 5000',
  level: 'info',
  service: 'user-service',
  label: 'Ph',
  timestamp: '2023-06-10T06:20:34.902Z'
}
{
  message: 'db connect successfully',
  level: 'info',
  service: 'user-service',
  label: 'Ph',
  timestamp: '2023-06-10T06:20:38.187Z'
}
{
  message: 'university app listening on port 5000',
  level: 'info',
  service: 'user-service',
  label: 'Ph',
  timestamp: '2023-06-10T06:20:38.196Z'
}
{
  message: 'db connect successfully',
  level: 'info',
  service: 'user-service',
  label: 'Ph',
  timestamp: '2023-06-10T06:20:39.392Z'
}
{
  message: 'university app listening on port 5000',
  level: 'info',
  service: 'user-service',
  label: 'Ph',
  timestamp: '2023-06-10T06:20:39.402Z'
}
{
  message: 'db connect successfully',
  level: 'info',
  service: 'user-service',
  label: 'Ph',
  timestamp: '2023-06-10T06:20:42.045Z'
}
{
  message: 'university app listening on port 5000',
  level: 'info',
  service: 'user-service',
  label: 'Ph',
  timestamp: '2023-06-10T06:20:42.056Z'
}
{
  message: 'db connect successfully',
  level: 'info',
  service: 'user-service',
  label: 'Ph',
  timestamp: '2023-06-10T06:20:44.269Z'
}
{
  message: 'university app listening on port 5000',
  level: 'info',
  service: 'user-service',
  label: 'Ph',
  timestamp: '2023-06-10T06:20:44.276Z'
}
{
  message: 'db connect successfully',
  level: 'info',
  service: 'user-service',
  label: 'Ph',
  timestamp: '2023-06-10T06:20:46.130Z'
}
{
  message: 'university app listening on port 5000',
  level: 'info',
  service: 'user-service',
  label: 'Ph',
  timestamp: '2023-06-10T06:20:46.138Z'
}
{
  message: 'db connect successfully',
  level: 'info',
  service: 'user-service',
  label: 'Ph',
  timestamp: '2023-06-10T06:20:49.454Z'
}
{
  message: 'university app listening on port 5000',
  level: 'info',
  service: 'user-service',
  label: 'Ph',
  timestamp: '2023-06-10T06:20:49.465Z'
}
{
  message: 'db connect successfully',
  level: 'info',
  service: 'user-service',
  label: 'Ph',
  timestamp: '2023-06-10T06:20:55.354Z'
}
{
  message: 'university app listening on port 5000',
  level: 'info',
  service: 'user-service',
  label: 'Ph',
  timestamp: '2023-06-10T06:20:55.363Z'
}
{
  message: 'db connect successfully',
  level: 'info',
  service: 'user-service',
  label: 'Ph',
  timestamp: '2023-06-10T06:20:57.525Z'
}
{
  message: 'university app listening on port 5000',
  level: 'info',
  service: 'user-service',
  label: 'Ph',
  timestamp: '2023-06-10T06:20:57.537Z'
}
