{
  message: 'db connect successfully',
  level: 'info',
  service: 'user-service',
  label: 'Ph',
  timestamp: '2023-06-05T11:23:14.355Z'
}
{
  message: 'university app listening on port 5000',
  level: 'info',
  service: 'user-service',
  label: 'Ph',
  timestamp: '2023-06-05T11:23:14.404Z'
}
{
  message: 'db connect successfully',
  level: 'info',
  service: 'user-service',
  label: 'Ph',
  timestamp: '2023-06-05T11:24:34.570Z'
}
{
  message: 'university app listening on port 5000',
  level: 'info',
  service: 'user-service',
  label: 'Ph',
  timestamp: '2023-06-05T11:24:34.579Z'
}
{
  message: 'db connect successfully',
  level: 'info',
  service: 'user-service',
  label: 'Ph',
  timestamp: '2023-06-05T11:24:46.766Z'
}
{
  message: 'university app listening on port 5000',
  level: 'info',
  service: 'user-service',
  label: 'Ph',
  timestamp: '2023-06-05T11:24:46.778Z'
}
{
  message: 'db connect successfully',
  level: 'info',
  service: 'user-service',
  label: 'Ph',
  timestamp: '2023-06-05T11:24:55.254Z'
}
{
  message: 'university app listening on port 5000',
  level: 'info',
  service: 'user-service',
  label: 'Ph',
  timestamp: '2023-06-05T11:24:55.271Z'
}
{
  message: 'db connect successfully',
  level: 'info',
  service: 'user-service',
  label: 'Ph',
  timestamp: '2023-06-05T11:25:43.178Z'
}
{
  message: 'university app listening on port 5000',
  level: 'info',
  service: 'user-service',
  label: 'Ph',
  timestamp: '2023-06-05T11:25:43.198Z'
}
{
  message: 'db connect successfully',
  level: 'info',
  service: 'user-service',
  label: 'Ph',
  timestamp: '2023-06-05T11:26:12.832Z'
}
{
  message: 'university app listening on port 5000',
  level: 'info',
  service: 'user-service',
  label: 'Ph',
  timestamp: '2023-06-05T11:26:12.858Z'
}
{
  message: 'db connect successfully',
  level: 'info',
  service: 'user-service',
  label: 'Ph',
  timestamp: '2023-06-05T11:27:17.232Z'
}
{
  message: 'university app listening on port 5000',
  level: 'info',
  service: 'user-service',
  label: 'Ph',
  timestamp: '2023-06-05T11:27:17.246Z'
}
{
  message: 'db connect successfully',
  level: 'info',
  service: 'user-service',
  label: 'Ph',
  timestamp: '2023-06-05T11:27:26.566Z'
}
{
  message: 'university app listening on port 5000',
  level: 'info',
  service: 'user-service',
  label: 'Ph',
  timestamp: '2023-06-05T11:27:26.590Z'
}
{
  message: 'db connect successfully',
  level: 'info',
  service: 'user-service',
  label: 'Ph',
  timestamp: '2023-06-05T11:28:24.658Z'
}
{
  message: 'university app listening on port 5000',
  level: 'info',
  service: 'user-service',
  label: 'Ph',
  timestamp: '2023-06-05T11:28:24.669Z'
}
{
  message: 'db connect successfully',
  level: 'info',
  service: 'user-service',
  label: 'Ph',
  timestamp: '2023-06-05T11:29:31.590Z'
}
{
  message: 'university app listening on port 5000',
  level: 'info',
  service: 'user-service',
  label: 'Ph',
  timestamp: '2023-06-05T11:29:31.601Z'
}
{
  message: 'db connect successfully',
  level: 'info',
  service: 'user-service',
  label: 'Ph',
  timestamp: '2023-06-05T11:30:09.959Z'
}
{
  message: 'university app listening on port 5000',
  level: 'info',
  service: 'user-service',
  label: 'Ph',
  timestamp: '2023-06-05T11:30:09.997Z'
}
{
  message: 'db connect successfully',
  level: 'info',
  service: 'user-service',
  label: 'Ph',
  timestamp: '2023-06-05T11:30:21.454Z'
}
{
  message: 'university app listening on port 5000',
  level: 'info',
  service: 'user-service',
  label: 'Ph',
  timestamp: '2023-06-05T11:30:21.471Z'
}
{
  message: 'db connect successfully',
  level: 'info',
  service: 'user-service',
  label: 'Ph',
  timestamp: '2023-06-05T11:32:01.205Z'
}
{
  message: 'university app listening on port 5000',
  level: 'info',
  service: 'user-service',
  label: 'Ph',
  timestamp: '2023-06-05T11:32:01.280Z'
}
{
  message: 'db connect successfully',
  level: 'info',
  service: 'user-service',
  label: 'Ph',
  timestamp: '2023-06-05T11:32:16.290Z'
}
{
  message: 'university app listening on port 5000',
  level: 'info',
  service: 'user-service',
  label: 'Ph',
  timestamp: '2023-06-05T11:32:16.323Z'
}
{
  message: 'db connect successfully',
  level: 'info',
  service: 'user-service',
  label: 'Ph',
  timestamp: '2023-06-05T11:32:50.490Z'
}
{
  message: 'university app listening on port 5000',
  level: 'info',
  service: 'user-service',
  label: 'Ph',
  timestamp: '2023-06-05T11:32:50.502Z'
}
{
  message: 'db connect successfully',
  level: 'info',
  service: 'user-service',
  label: 'Ph',
  timestamp: '2023-06-05T11:33:09.073Z'
}
{
  message: 'university app listening on port 5000',
  level: 'info',
  service: 'user-service',
  label: 'Ph',
  timestamp: '2023-06-05T11:33:09.104Z'
}
{
  message: 'db connect successfully',
  level: 'info',
  service: 'user-service',
  label: 'Ph',
  timestamp: '2023-06-05T11:33:31.129Z'
}
{
  message: 'university app listening on port 5000',
  level: 'info',
  service: 'user-service',
  label: 'Ph',
  timestamp: '2023-06-05T11:33:31.165Z'
}
{
  message: 'db connect successfully',
  level: 'info',
  service: 'user-service',
  label: 'Ph',
  timestamp: '2023-06-05T11:33:35.070Z'
}
{
  message: 'university app listening on port 5000',
  level: 'info',
  service: 'user-service',
  label: 'Ph',
  timestamp: '2023-06-05T11:33:35.081Z'
}
