{
  message: 'db connect successfully',
  level: 'info',
  service: 'user-service',
  label: 'Ph',
  timestamp: '2023-06-16T16:50:20.351Z'
}
{
  message: 'university app listening on port 5000',
  level: 'info',
  service: 'user-service',
  label: 'Ph',
  timestamp: '2023-06-16T16:50:20.360Z'
}
{
  message: 'db connect successfully',
  level: 'info',
  service: 'user-service',
  label: 'Ph',
  timestamp: '2023-06-16T16:51:06.923Z'
}
{
  message: 'university app listening on port 5000',
  level: 'info',
  service: 'user-service',
  label: 'Ph',
  timestamp: '2023-06-16T16:51:06.933Z'
}
{
  message: 'db connect successfully',
  level: 'info',
  service: 'user-service',
  label: 'Ph',
  timestamp: '2023-06-16T16:51:15.093Z'
}
{
  message: 'university app listening on port 5000',
  level: 'info',
  service: 'user-service',
  label: 'Ph',
  timestamp: '2023-06-16T16:51:15.110Z'
}
{
  message: 'db connect successfully',
  level: 'info',
  service: 'user-service',
  label: 'Ph',
  timestamp: '2023-06-16T16:51:32.406Z'
}
{
  message: 'university app listening on port 5000',
  level: 'info',
  service: 'user-service',
  label: 'Ph',
  timestamp: '2023-06-16T16:51:32.415Z'
}
{
  message: 'db connect successfully',
  level: 'info',
  service: 'user-service',
  label: 'Ph',
  timestamp: '2023-06-16T16:51:35.233Z'
}
{
  message: 'university app listening on port 5000',
  level: 'info',
  service: 'user-service',
  label: 'Ph',
  timestamp: '2023-06-16T16:51:35.246Z'
}
{
  message: 'db connect successfully',
  level: 'info',
  service: 'user-service',
  label: 'Ph',
  timestamp: '2023-06-16T16:53:02.161Z'
}
{
  message: 'university app listening on port 5000',
  level: 'info',
  service: 'user-service',
  label: 'Ph',
  timestamp: '2023-06-16T16:53:02.177Z'
}
{
  message: 'db connect successfully',
  level: 'info',
  service: 'user-service',
  label: 'Ph',
  timestamp: '2023-06-16T16:53:12.936Z'
}
{
  message: 'university app listening on port 5000',
  level: 'info',
  service: 'user-service',
  label: 'Ph',
  timestamp: '2023-06-16T16:53:12.970Z'
}
{
  message: 'db connect successfully',
  level: 'info',
  service: 'user-service',
  label: 'Ph',
  timestamp: '2023-06-16T16:53:18.619Z'
}
{
  message: 'university app listening on port 5000',
  level: 'info',
  service: 'user-service',
  label: 'Ph',
  timestamp: '2023-06-16T16:53:18.632Z'
}
{
  message: 'db connect successfully',
  level: 'info',
  service: 'user-service',
  label: 'Ph',
  timestamp: '2023-06-16T16:54:41.812Z'
}
{
  message: 'university app listening on port 5000',
  level: 'info',
  service: 'user-service',
  label: 'Ph',
  timestamp: '2023-06-16T16:54:41.829Z'
}
{
  message: 'db connect successfully',
  level: 'info',
  service: 'user-service',
  label: 'Ph',
  timestamp: '2023-06-16T16:54:57.388Z'
}
{
  message: 'university app listening on port 5000',
  level: 'info',
  service: 'user-service',
  label: 'Ph',
  timestamp: '2023-06-16T16:54:57.411Z'
}
{
  message: 'db connect successfully',
  level: 'info',
  service: 'user-service',
  label: 'Ph',
  timestamp: '2023-06-16T16:55:25.953Z'
}
{
  message: 'university app listening on port 5000',
  level: 'info',
  service: 'user-service',
  label: 'Ph',
  timestamp: '2023-06-16T16:55:25.991Z'
}
{
  message: 'db connect successfully',
  level: 'info',
  service: 'user-service',
  label: 'Ph',
  timestamp: '2023-06-16T16:55:30.928Z'
}
{
  message: 'university app listening on port 5000',
  level: 'info',
  service: 'user-service',
  label: 'Ph',
  timestamp: '2023-06-16T16:55:30.948Z'
}
{
  message: 'db connect successfully',
  level: 'info',
  service: 'user-service',
  label: 'Ph',
  timestamp: '2023-06-16T16:55:48.415Z'
}
{
  message: 'university app listening on port 5000',
  level: 'info',
  service: 'user-service',
  label: 'Ph',
  timestamp: '2023-06-16T16:55:48.435Z'
}
{
  message: 'db connect successfully',
  level: 'info',
  service: 'user-service',
  label: 'Ph',
  timestamp: '2023-06-16T16:55:54.498Z'
}
{
  message: 'university app listening on port 5000',
  level: 'info',
  service: 'user-service',
  label: 'Ph',
  timestamp: '2023-06-16T16:55:54.525Z'
}
{
  message: 'db connect successfully',
  level: 'info',
  service: 'user-service',
  label: 'Ph',
  timestamp: '2023-06-16T16:56:05.497Z'
}
{
  message: 'university app listening on port 5000',
  level: 'info',
  service: 'user-service',
  label: 'Ph',
  timestamp: '2023-06-16T16:56:05.516Z'
}
{
  message: 'db connect successfully',
  level: 'info',
  service: 'user-service',
  label: 'Ph',
  timestamp: '2023-06-16T16:56:11.599Z'
}
{
  message: 'university app listening on port 5000',
  level: 'info',
  service: 'user-service',
  label: 'Ph',
  timestamp: '2023-06-16T16:56:11.639Z'
}
{
  message: 'db connect successfully',
  level: 'info',
  service: 'user-service',
  label: 'Ph',
  timestamp: '2023-06-16T16:56:46.194Z'
}
{
  message: 'university app listening on port 5000',
  level: 'info',
  service: 'user-service',
  label: 'Ph',
  timestamp: '2023-06-16T16:56:46.254Z'
}
{
  message: 'db connect successfully',
  level: 'info',
  service: 'user-service',
  label: 'Ph',
  timestamp: '2023-06-16T16:56:50.306Z'
}
{
  message: 'university app listening on port 5000',
  level: 'info',
  service: 'user-service',
  label: 'Ph',
  timestamp: '2023-06-16T16:56:50.325Z'
}
{
  message: 'db connect successfully',
  level: 'info',
  service: 'user-service',
  label: 'Ph',
  timestamp: '2023-06-16T16:57:40.828Z'
}
{
  message: 'university app listening on port 5000',
  level: 'info',
  service: 'user-service',
  label: 'Ph',
  timestamp: '2023-06-16T16:57:40.849Z'
}
