{
  message: 'db connect successfully',
  level: 'info',
  service: 'user-service',
  label: 'Ph',
  timestamp: '2023-06-12T06:12:54.617Z'
}
{
  message: 'university app listening on port 5000',
  level: 'info',
  service: 'user-service',
  label: 'Ph',
  timestamp: '2023-06-12T06:12:54.626Z'
}
{
  message: 'db connect successfully',
  level: 'info',
  service: 'user-service',
  label: 'Ph',
  timestamp: '2023-06-12T06:25:43.920Z'
}
{
  message: 'university app listening on port 5000',
  level: 'info',
  service: 'user-service',
  label: 'Ph',
  timestamp: '2023-06-12T06:25:43.937Z'
}
{
  message: 'db connect successfully',
  level: 'info',
  service: 'user-service',
  label: 'Ph',
  timestamp: '2023-06-12T06:31:51.099Z'
}
{
  message: 'university app listening on port 5000',
  level: 'info',
  service: 'user-service',
  label: 'Ph',
  timestamp: '2023-06-12T06:31:51.116Z'
}
