Arguments: 
  C:\Program Files\nodejs\node.exe C:\Users\mahedi anik\AppData\Roaming\npm\node_modules\yarn\bin\yarn.js add express --network-timeout 100000

PATH: 
  C:\Users\mahedi anik\bin;C:\Program Files\Git\mingw64\bin;C:\Program Files\Git\usr\local\bin;C:\Program Files\Git\usr\bin;C:\Program Files\Git\usr\bin;C:\Program Files\Git\mingw64\bin;C:\Program Files\Git\usr\bin;C:\Users\mahedi anik\bin;C:\WINDOWS\system32;C:\WINDOWS;C:\WINDOWS\System32\Wbem;C:\WINDOWS\System32\WindowsPowerShell\v1.0;C:\WINDOWS\System32\OpenSSH;C:\Program Files\Git\cmd;C:\Users\mahedi anik\AppData\Roaming\npm\node_modules\npm\bin;C:\Users\mahedi anik\AppData\Roaming\npm;C:\Program Files\Docker\Docker\resources\bin;C:\ProgramData\DockerDesktop\version-bin;C:\Users\mahedi anik\AppData\Roaming\npm\node_modules\yarn\bin;C:\Program Files (x86)\Yarn\bin;C:\Users\mahedi anik\AppData\Roaming\nvm;C:\Program Files\nodejs;C:\Users\mahedi anik\AppData\Roaming\nvm;C:\Program Files\nodejs;C:\ProgramData\chocolatey\bin;C:\Program Files\MongoDB\Server\6.0\data;C:\Program Files\MongoDB\Server\6.0\bin;C:\Users\mahedi anik\AppData\Local\Programs\Python\Python311\Scripts;C:\Users\mahedi anik\AppData\Local\Programs\Python\Python311;C:\Users\mahedi anik\AppData\Local\Programs\Microsoft VS Code\bin;C:\Program Files\heroku\bin;C:\Program Files\JetBrains\PyCharm 2022.2.3\bin;C:\Users\mahedi anik\AppData\Local\Yarn\bin;C:\Users\mahedi anik\AppData\Roaming\npm\node_modules\yarn\bin;C:\Users\mahedi anik\AppData\Local\Programs\oh-my-posh\bin;C:\Users\mahedi anik\AppData\Local\Microsoft\WindowsApps;C:\MinGW\bin;C:\Users\mahedi anik\AppData\Local\Microsoft\WindowsApps;C:\Users\mahedi anik\AppData\Roaming\nvm;C:\Program Files\nodejs;C:\Users\mahedi anik\AppData\Roaming\npm;C:\Program Files\MongoDB\Server\6.0\bin;C:\Program Files\MongoDB\Server\6.0\data;C:\Program Files\Git\usr\bin\vendor_perl;C:\Program Files\Git\usr\bin\core_perl

Yarn version: 
  1.22.19

Node version: 
  18.16.0

Platform: 
  win32 x64

Trace: 
  Error: getaddrinfo ENOTFOUND nexus.local
      at GetAddrInfoReqWrap.onlookup [as oncomplete] (node:dns:107:26)

npm manifest: 
  {
    "name": "university-ph-project",
    "version": "1.0.0",
    "description": "",
    "main": "src/server.ts",
    "devDependencies": {},
    "scripts": {
      "test": "echo \"Error: no test specified\" && exit 1"
    },
    "keywords": [],
    "author": "",
    "license": "ISC"
  }

yarn manifest: 
  No manifest

Lockfile: 
  # THIS IS AN AUTOGENERATED FILE. DO NOT EDIT THIS FILE DIRECTLY.
  # yarn lockfile v1
