{
  service: 'user-service',
  level: 'error',
  message: "connect felid Cannot read properties of undefined (reading 'env')",
  stack: "TypeError: Cannot read properties of undefined (reading 'env')\n" +
    '    at C:\\Users\\mahedi anik\\Desktop\\apollo-PH\\university-ph-project\\src\\server.ts:11:36\n' +
    '    at Generator.next (<anonymous>)\n' +
    '    at C:\\Users\\mahedi anik\\Desktop\\apollo-PH\\university-ph-project\\src\\server.ts:8:71\n' +
    '    at new Promise (<anonymous>)\n' +
    '    at __awaiter (C:\\Users\\mahedi anik\\Desktop\\apollo-PH\\university-ph-project\\src\\server.ts:4:12)\n' +
    '    at main (C:\\Users\\mahedi anik\\Desktop\\apollo-PH\\university-ph-project\\src\\server.ts:23:12)\n' +
    '    at Object.<anonymous> (C:\\Users\\mahedi anik\\Desktop\\apollo-PH\\university-ph-project\\src\\server.ts:20:1)\n' +
    '    at Module._compile (node:internal/modules/cjs/loader:1254:14)\n' +
    '    at Module._compile (C:\\Users\\mahedi anik\\Desktop\\apollo-PH\\university-ph-project\\node_modules\\source-map-support\\source-map-support.js:568:25)\n' +
    '    at Module.m._compile (C:\\Users\\MAHEDI~1\\AppData\\Local\\Temp\\ts-node-dev-hook-7510002518122436.js:69:33)',
  label: 'PH',
  timestamp: '2023-06-04T16:45:59.802Z'
}
{
  service: 'user-service',
  level: 'error',
  message: "connect felid Cannot read properties of undefined (reading 'env')",
  stack: "TypeError: Cannot read properties of undefined (reading 'env')\n" +
    '    at C:\\Users\\mahedi anik\\Desktop\\apollo-PH\\university-ph-project\\src\\server.ts:11:36\n' +
    '    at Generator.next (<anonymous>)\n' +
    '    at C:\\Users\\mahedi anik\\Desktop\\apollo-PH\\university-ph-project\\src\\server.ts:8:71\n' +
    '    at new Promise (<anonymous>)\n' +
    '    at __awaiter (C:\\Users\\mahedi anik\\Desktop\\apollo-PH\\university-ph-project\\src\\server.ts:4:12)\n' +
    '    at main (C:\\Users\\mahedi anik\\Desktop\\apollo-PH\\university-ph-project\\src\\server.ts:22:12)\n' +
    '    at Object.<anonymous> (C:\\Users\\mahedi anik\\Desktop\\apollo-PH\\university-ph-project\\src\\server.ts:20:1)\n' +
    '    at Module._compile (node:internal/modules/cjs/loader:1254:14)\n' +
    '    at Module._compile (C:\\Users\\mahedi anik\\Desktop\\apollo-PH\\university-ph-project\\node_modules\\source-map-support\\source-map-support.js:568:25)\n' +
    '    at Module.m._compile (C:\\Users\\MAHEDI~1\\AppData\\Local\\Temp\\ts-node-dev-hook-7510002518122436.js:69:33)',
  label: 'PH',
  timestamp: '2023-06-04T16:46:33.819Z'
}
{
  service: 'user-service',
  level: 'error',
  message: "connect felid Cannot read properties of undefined (reading 'env')",
  stack: "TypeError: Cannot read properties of undefined (reading 'env')\n" +
    '    at C:\\Users\\mahedi anik\\Desktop\\apollo-PH\\university-ph-project\\src\\server.ts:11:36\n' +
    '    at Generator.next (<anonymous>)\n' +
    '    at C:\\Users\\mahedi anik\\Desktop\\apollo-PH\\university-ph-project\\src\\server.ts:8:71\n' +
    '    at new Promise (<anonymous>)\n' +
    '    at __awaiter (C:\\Users\\mahedi anik\\Desktop\\apollo-PH\\university-ph-project\\src\\server.ts:4:12)\n' +
    '    at main (C:\\Users\\mahedi anik\\Desktop\\apollo-PH\\university-ph-project\\src\\server.ts:23:12)\n' +
    '    at Object.<anonymous> (C:\\Users\\mahedi anik\\Desktop\\apollo-PH\\university-ph-project\\src\\server.ts:20:1)\n' +
    '    at Module._compile (node:internal/modules/cjs/loader:1254:14)\n' +
    '    at Module._compile (C:\\Users\\mahedi anik\\Desktop\\apollo-PH\\university-ph-project\\node_modules\\source-map-support\\source-map-support.js:568:25)\n' +
    '    at Module.m._compile (C:\\Users\\MAHEDI~1\\AppData\\Local\\Temp\\ts-node-dev-hook-7510002518122436.js:69:33)',
  label: 'PH',
  timestamp: '2023-06-04T16:46:42.325Z'
}
{
  service: 'user-service',
  level: 'error',
  message: "connect felid Cannot read properties of undefined (reading 'env')",
  stack: "TypeError: Cannot read properties of undefined (reading 'env')\n" +
    '    at C:\\Users\\mahedi anik\\Desktop\\apollo-PH\\university-ph-project\\src\\server.ts:11:36\n' +
    '    at Generator.next (<anonymous>)\n' +
    '    at C:\\Users\\mahedi anik\\Desktop\\apollo-PH\\university-ph-project\\src\\server.ts:8:71\n' +
    '    at new Promise (<anonymous>)\n' +
    '    at __awaiter (C:\\Users\\mahedi anik\\Desktop\\apollo-PH\\university-ph-project\\src\\server.ts:4:12)\n' +
    '    at main (C:\\Users\\mahedi anik\\Desktop\\apollo-PH\\university-ph-project\\src\\server.ts:23:12)\n' +
    '    at Object.<anonymous> (C:\\Users\\mahedi anik\\Desktop\\apollo-PH\\university-ph-project\\src\\server.ts:20:1)\n' +
    '    at Module._compile (node:internal/modules/cjs/loader:1254:14)\n' +
    '    at Module._compile (C:\\Users\\mahedi anik\\Desktop\\apollo-PH\\university-ph-project\\node_modules\\source-map-support\\source-map-support.js:568:25)\n' +
    '    at Module.m._compile (C:\\Users\\MAHEDI~1\\AppData\\Local\\Temp\\ts-node-dev-hook-7510002518122436.js:69:33)',
  label: 'PH',
  timestamp: '2023-06-04T16:48:56.613Z'
}
{
  service: 'user-service',
  level: 'error',
  message: "connect felid Cannot read properties of undefined (reading 'env')",
  stack: "TypeError: Cannot read properties of undefined (reading 'env')\n" +
    '    at C:\\Users\\mahedi anik\\Desktop\\apollo-PH\\university-ph-project\\src\\server.ts:11:36\n' +
    '    at Generator.next (<anonymous>)\n' +
    '    at C:\\Users\\mahedi anik\\Desktop\\apollo-PH\\university-ph-project\\src\\server.ts:8:71\n' +
    '    at new Promise (<anonymous>)\n' +
    '    at __awaiter (C:\\Users\\mahedi anik\\Desktop\\apollo-PH\\university-ph-project\\src\\server.ts:4:12)\n' +
    '    at main (C:\\Users\\mahedi anik\\Desktop\\apollo-PH\\university-ph-project\\src\\server.ts:23:12)\n' +
    '    at Object.<anonymous> (C:\\Users\\mahedi anik\\Desktop\\apollo-PH\\university-ph-project\\src\\server.ts:20:1)\n' +
    '    at Module._compile (node:internal/modules/cjs/loader:1254:14)\n' +
    '    at Module._compile (C:\\Users\\mahedi anik\\Desktop\\apollo-PH\\university-ph-project\\node_modules\\source-map-support\\source-map-support.js:568:25)\n' +
    '    at Module.m._compile (C:\\Users\\MAHEDI~1\\AppData\\Local\\Temp\\ts-node-dev-hook-7510002518122436.js:69:33)',
  label: 'PH',
  timestamp: '2023-06-04T16:49:06.870Z'
}
{
  service: 'user-service',
  level: 'error',
  message: "connect felid Cannot read properties of undefined (reading 'env')",
  stack: "TypeError: Cannot read properties of undefined (reading 'env')\n" +
    '    at C:\\Users\\mahedi anik\\Desktop\\apollo-PH\\university-ph-project\\src\\server.ts:11:36\n' +
    '    at Generator.next (<anonymous>)\n' +
    '    at C:\\Users\\mahedi anik\\Desktop\\apollo-PH\\university-ph-project\\src\\server.ts:8:71\n' +
    '    at new Promise (<anonymous>)\n' +
    '    at __awaiter (C:\\Users\\mahedi anik\\Desktop\\apollo-PH\\university-ph-project\\src\\server.ts:4:12)\n' +
    '    at main (C:\\Users\\mahedi anik\\Desktop\\apollo-PH\\university-ph-project\\src\\server.ts:23:12)\n' +
    '    at Object.<anonymous> (C:\\Users\\mahedi anik\\Desktop\\apollo-PH\\university-ph-project\\src\\server.ts:22:1)\n' +
    '    at Module._compile (node:internal/modules/cjs/loader:1254:14)\n' +
    '    at Module._compile (C:\\Users\\mahedi anik\\Desktop\\apollo-PH\\university-ph-project\\node_modules\\source-map-support\\source-map-support.js:568:25)\n' +
    '    at Module.m._compile (C:\\Users\\MAHEDI~1\\AppData\\Local\\Temp\\ts-node-dev-hook-7510002518122436.js:69:33)',
  label: 'PH',
  timestamp: '2023-06-04T16:49:30.184Z'
}
{
  service: 'user-service',
  level: 'error',
  message: "connect felid Cannot read properties of undefined (reading 'env')",
  stack: "TypeError: Cannot read properties of undefined (reading 'env')\n" +
    '    at C:\\Users\\mahedi anik\\Desktop\\apollo-PH\\university-ph-project\\src\\server.ts:11:36\n' +
    '    at Generator.next (<anonymous>)\n' +
    '    at C:\\Users\\mahedi anik\\Desktop\\apollo-PH\\university-ph-project\\src\\server.ts:8:71\n' +
    '    at new Promise (<anonymous>)\n' +
    '    at __awaiter (C:\\Users\\mahedi anik\\Desktop\\apollo-PH\\university-ph-project\\src\\server.ts:4:12)\n' +
    '    at main (C:\\Users\\mahedi anik\\Desktop\\apollo-PH\\university-ph-project\\src\\server.ts:23:12)\n' +
    '    at Object.<anonymous> (C:\\Users\\mahedi anik\\Desktop\\apollo-PH\\university-ph-project\\src\\server.ts:22:1)\n' +
    '    at Module._compile (node:internal/modules/cjs/loader:1254:14)\n' +
    '    at Module._compile (C:\\Users\\mahedi anik\\Desktop\\apollo-PH\\university-ph-project\\node_modules\\source-map-support\\source-map-support.js:568:25)\n' +
    '    at Module.m._compile (C:\\Users\\MAHEDI~1\\AppData\\Local\\Temp\\ts-node-dev-hook-7510002518122436.js:69:33)',
  label: 'PH',
  timestamp: '2023-06-04T16:49:38.393Z'
}
